<?xml version="1.0" encoding="UTF-8"?>
<!-- Generated by org.testng.reporters.JUnitReportReporter -->
<testsuite hostname="DESKTOP-C8IENHF" failures="0" tests="1" name="tests.VerificationTest" time="41.682" errors="0" timestamp="2022-09-01T20:02:09 IST" skipped="0">
  <testcase classname="tests.VerificationTest" name="verification" time="41.682"/>
  <system-out/>
</testsuite> <!-- tests.VerificationTest -->
