<?xml version="1.0" encoding="UTF-8"?>
<!-- Generated by org.testng.reporters.JUnitReportReporter -->
<testsuite hostname="DESKTOP-C8IENHF" failures="0" tests="1" name="tests.ClickOnCollectionLick" time="67.537" errors="0" timestamp="2022-09-01T20:02:09 IST" skipped="0">
  <testcase classname="tests.ClickOnCollectionLick" name="ClickOnCollectionLickTest" time="67.537"/>
  <system-out/>
</testsuite> <!-- tests.ClickOnCollectionLick -->
