<?xml version="1.0" encoding="UTF-8"?>
<!-- Generated by org.testng.reporters.JUnitReportReporter -->
<testsuite hostname="DESKTOP-C8IENHF" failures="0" tests="1" name="runner.Runner" time="15.849" errors="0" timestamp="2022-08-24T09:00:57 IST" skipped="0">
  <testcase classname="runner.Runner" name="runScenario" time="15.849"/>
  <system-out/>
</testsuite> <!-- runner.Runner -->
