<?xml version="1.0" encoding="UTF-8"?>
<!-- Generated by org.testng.reporters.JUnitReportReporter -->
<testsuite hostname="DESKTOP-C8IENHF" failures="0" tests="1" name="tests.SignInTest" time="31.105" errors="0" timestamp="2022-09-02T19:49:49 IST" skipped="0">
  <testcase classname="tests.SignInTest" name="clickOnSignIn" time="31.105"/>
  <system-out/>
</testsuite> <!-- tests.SignInTest -->
