<?xml version="1.0" encoding="UTF-8"?>
<!-- Generated by org.testng.reporters.JUnitReportReporter -->
<testsuite hostname="DESKTOP-C8IENHF" failures="0" tests="1" name="tests.ClickOnCollectionLick" time="83.965" errors="0" timestamp="2022-09-01T22:11:01 IST" skipped="0">
  <testcase classname="tests.ClickOnCollectionLick" name="ClickOnCollectionLickTest" time="83.965"/>
  <system-out/>
</testsuite> <!-- tests.ClickOnCollectionLick -->
