<?xml version="1.0" encoding="UTF-8"?>
<!-- Generated by org.testng.reporters.JUnitReportReporter -->
<testsuite hostname="DESKTOP-C8IENHF" failures="0" tests="1" name="tests.SignInTest" time="40.132" errors="0" timestamp="2022-09-01T17:07:55 IST" skipped="0">
  <testcase classname="tests.SignInTest" name="clickOnSignIn" time="40.132"/>
  <system-out/>
</testsuite> <!-- tests.SignInTest -->
