<?xml version="1.0" encoding="UTF-8"?>
<!-- Generated by org.testng.reporters.JUnitReportReporter -->
<testsuite hostname="DESKTOP-C8IENHF" failures="0" tests="1" name="tests.VerificationTest" time="53.288" errors="0" timestamp="2022-09-01T22:11:01 IST" skipped="0">
  <testcase classname="tests.VerificationTest" name="verification" time="53.288"/>
  <system-out/>
</testsuite> <!-- tests.VerificationTest -->
